<?xml version="1.0" encoding="UTF-8"?>
<!-- Generated by org.testng.reporters.JUnitReportReporter -->
<testsuite skipped="0" hostname="DESKTOP-US5UP01" name="com.annotationtest.parameter" tests="1" failures="0" timestamp="05 Jan 2020 15:06:11 GMT" time="100.606" errors="0">
  <testcase name="verifylogin" time="100.606" classname="com.annotationtest.parameter"/>
</testsuite> <!-- com.annotationtest.parameter -->
