<?xml version="1.0" encoding="UTF-8"?>
<!-- Generated by org.testng.reporters.JUnitReportReporter -->
<testsuite hostname="DESKTOP-US5UP01" name="com.annotationtest.groups" tests="5" failures="0" timestamp="5 Jan 2020 15:22:14 GMT" time="0.003" errors="0">
  <testcase name="testCase3" time="0.000" classname="com.annotationtest.groups"/>
  <testcase name="testCase5" time="0.001" classname="com.annotationtest.groups"/>
  <testcase name="testCase1" time="0.000" classname="com.annotationtest.groups"/>
  <testcase name="testCase2" time="0.001" classname="com.annotationtest.groups"/>
  <testcase name="testCase4" time="0.001" classname="com.annotationtest.groups"/>
</testsuite> <!-- com.annotationtest.groups -->
