<?xml version="1.0" encoding="UTF-8"?>
<!-- Generated by org.testng.reporters.JUnitReportReporter -->
<testsuite hostname="DESKTOP-US5UP01" name="com.annotationtest.ignoretest" tests="2" failures="0" timestamp="5 Jan 2020 15:22:14 GMT" time="0.002" errors="0">
  <testcase name="testcase3" time="0.001" classname="com.annotationtest.ignoretest"/>
  <testcase name="testCase1" time="0.001" classname="com.annotationtest.ignoretest"/>
</testsuite> <!-- com.annotationtest.ignoretest -->
